\BOOKMARK [0][-]{chapter.1}{\376\377\000T\000a\000b\000l\000e\000\040\000o\000f\000\040\000C\000o\000n\000t\000e\000n\000t}{}% 1
\BOOKMARK [1][-]{section.1.1}{\376\377\000I\000n\000s\000t\000a\000l\000l\000a\000t\000i\000o\000n\000\040\000/\000\040\000D\000e\000p\000l\000o\000y\000m\000e\000n\000t}{chapter.1}% 2
\BOOKMARK [2][-]{subsection.1.1.1}{\376\377\000B\000u\000i\000l\000d\000\040\000e\000g\000g\000\040\000f\000i\000l\000e}{section.1.1}% 3
\BOOKMARK [2][-]{subsection.1.1.2}{\376\377\000B\000u\000i\000l\000d\000\040\000z\000i\000p\000\040\000f\000i\000l\000e}{section.1.1}% 4
\BOOKMARK [2][-]{subsection.1.1.3}{\376\377\000I\000n\000c\000l\000u\000d\000e\000\040\000p\000r\000e\000-\000b\000u\000i\000l\000d\000\040\000p\000a\000c\000k\000a\000g\000e\000\040\000\050\000e\000g\000g\000\040\000o\000r\000\040\000z\000i\000p\000\051\000\040\000w\000i\000t\000h\000\040\000S\000p\000a\000r\000k}{section.1.1}% 5
\BOOKMARK [2][-]{subsection.1.1.4}{\376\377\000I\000n\000s\000t\000a\000l\000l\000\040\000l\000o\000c\000a\000l\000\040\000r\000e\000p\000o\000s\000i\000t\000o\000r\000y\000\040\000a\000s\000\040\000p\000a\000c\000k\000a\000g\000e}{section.1.1}% 6
\BOOKMARK [2][-]{subsection.1.1.5}{\376\377\000I\000n\000s\000t\000a\000l\000l\000\040\000S\000p\000o\000o\000q\0002\000\040\000d\000i\000r\000e\000c\000t\000l\000y\000\040\000f\000r\000o\000m\000\040\000g\000i\000t}{section.1.1}% 7
\BOOKMARK [2][-]{subsection.1.1.6}{\376\377\000D\000e\000v\000e\000l\000o\000p\000m\000e\000n\000t\000,\000\040\000T\000e\000s\000t\000i\000n\000g\000,\000\040\000a\000n\000d\000\040\000D\000o\000c\000u\000m\000e\000n\000t\000i\000n\000g}{section.1.1}% 8
\BOOKMARK [1][-]{section.1.2}{\376\377\000E\000x\000a\000m\000p\000l\000e\000s}{chapter.1}% 9
\BOOKMARK [2][-]{subsection.1.2.1}{\376\377\000J\000S\000O\000N\000\040\000F\000i\000l\000e\000s\000\040\000t\000o\000\040\000P\000a\000r\000t\000i\000t\000i\000o\000n\000e\000d\000\040\000H\000i\000v\000e\000\040\000T\000a\000b\000l\000e}{section.1.2}% 10
\BOOKMARK [1][-]{section.1.3}{\376\377\000E\000x\000t\000r\000a\000c\000t\000o\000r\000s}{chapter.1}% 11
\BOOKMARK [2][-]{subsection.1.3.1}{\376\377\000J\000S\000O\000N\000\040\000F\000i\000l\000e\000s}{section.1.3}% 12
\BOOKMARK [2][-]{subsection.1.3.2}{\376\377\000J\000D\000B\000C\000\040\000S\000o\000u\000r\000c\000e}{section.1.3}% 13
\BOOKMARK [2][-]{subsection.1.3.3}{\376\377\000C\000l\000a\000s\000s\000\040\000D\000i\000a\000g\000r\000a\000m\000\040\000o\000f\000\040\000E\000x\000t\000r\000a\000c\000t\000o\000r\000\040\000S\000u\000b\000p\000a\000c\000k\000a\000g\000e}{section.1.3}% 14
\BOOKMARK [2][-]{subsection.1.3.4}{\376\377\000C\000r\000e\000a\000t\000e\000\040\000y\000o\000u\000r\000\040\000o\000w\000n\000\040\000E\000x\000t\000r\000a\000c\000t\000o\000r}{section.1.3}% 15
\BOOKMARK [1][-]{section.1.4}{\376\377\000T\000r\000a\000n\000s\000f\000o\000r\000m\000e\000r\000s}{chapter.1}% 16
\BOOKMARK [2][-]{subsection.1.4.1}{\376\377\000E\000x\000p\000l\000o\000d\000e\000r}{section.1.4}% 17
\BOOKMARK [2][-]{subsection.1.4.2}{\376\377\000S\000i\000e\000v\000e\000\040\000\050\000F\000i\000l\000t\000e\000r\000\051}{section.1.4}% 18
\BOOKMARK [2][-]{subsection.1.4.3}{\376\377\000M\000a\000p\000p\000e\000r}{section.1.4}% 19
\BOOKMARK [2][-]{subsection.1.4.4}{\376\377\000T\000h\000r\000e\000s\000h\000o\000l\000d\000-\000b\000a\000s\000e\000d\000\040\000C\000l\000e\000a\000n\000e\000r}{section.1.4}% 20
\BOOKMARK [2][-]{subsection.1.4.5}{\376\377\000N\000e\000w\000e\000s\000t\000\040\000b\000y\000\040\000G\000r\000o\000u\000p\000\040\000\050\000M\000o\000s\000t\000\040\000c\000u\000r\000r\000e\000n\000t\000\040\000r\000e\000c\000o\000r\000d\000\040\000p\000e\000r\000\040\000I\000D\000\051}{section.1.4}% 21
\BOOKMARK [2][-]{subsection.1.4.6}{\376\377\000C\000l\000a\000s\000s\000\040\000D\000i\000a\000g\000r\000a\000m\000\040\000o\000f\000\040\000T\000r\000a\000n\000s\000f\000o\000r\000m\000e\000r\000\040\000S\000u\000b\000p\000a\000c\000k\000a\000g\000e}{section.1.4}% 22
\BOOKMARK [2][-]{subsection.1.4.7}{\376\377\000C\000r\000e\000a\000t\000e\000\040\000y\000o\000u\000r\000\040\000o\000w\000n\000\040\000T\000r\000a\000n\000s\000f\000o\000r\000m\000e\000r}{section.1.4}% 23
\BOOKMARK [1][-]{section.1.5}{\376\377\000L\000o\000a\000d\000e\000r\000s}{chapter.1}% 24
\BOOKMARK [2][-]{subsection.1.5.1}{\376\377\000H\000i\000v\000e\000\040\000D\000a\000t\000a\000b\000a\000s\000e}{section.1.5}% 25
\BOOKMARK [2][-]{subsection.1.5.2}{\376\377\000C\000l\000a\000s\000s\000\040\000D\000i\000a\000g\000r\000a\000m\000\040\000o\000f\000\040\000L\000o\000a\000d\000e\000r\000\040\000S\000u\000b\000p\000a\000c\000k\000a\000g\000e}{section.1.5}% 26
\BOOKMARK [2][-]{subsection.1.5.3}{\376\377\000C\000r\000e\000a\000t\000e\000\040\000y\000o\000u\000r\000\040\000o\000w\000n\000\040\000L\000o\000a\000d\000e\000r}{section.1.5}% 27
\BOOKMARK [1][-]{section.1.6}{\376\377\000P\000i\000p\000e\000l\000i\000n\000e}{chapter.1}% 28
\BOOKMARK [2][-]{subsection.1.6.1}{\376\377\000P\000i\000p\000e\000l\000i\000n\000e}{section.1.6}% 29
\BOOKMARK [2][-]{subsection.1.6.2}{\376\377\000P\000i\000p\000e\000l\000i\000n\000e\000\040\000F\000a\000c\000t\000o\000r\000y}{section.1.6}% 30
\BOOKMARK [2][-]{subsection.1.6.3}{\376\377\000C\000l\000a\000s\000s\000\040\000D\000i\000a\000g\000r\000a\000m\000\040\000o\000f\000\040\000P\000i\000p\000e\000l\000i\000n\000e\000\040\000S\000u\000b\000p\000a\000c\000k\000a\000g\000e}{section.1.6}% 31
\BOOKMARK [1][-]{section.1.7}{\376\377\000S\000p\000o\000o\000q\000\040\000B\000a\000s\000e}{chapter.1}% 32
\BOOKMARK [2][-]{subsection.1.7.1}{\376\377\000G\000l\000o\000b\000a\000l\000\040\000L\000o\000g\000g\000e\000r}{section.1.7}% 33
\BOOKMARK [2][-]{subsection.1.7.2}{\376\377\000E\000x\000t\000r\000a\000c\000t\000o\000r\000\040\000B\000a\000s\000e\000\040\000C\000l\000a\000s\000s}{section.1.7}% 34
\BOOKMARK [2][-]{subsection.1.7.3}{\376\377\000T\000r\000a\000n\000s\000f\000o\000r\000m\000e\000r\000\040\000B\000a\000s\000e\000\040\000C\000l\000a\000s\000s}{section.1.7}% 35
\BOOKMARK [2][-]{subsection.1.7.4}{\376\377\000L\000o\000a\000d\000e\000r\000\040\000B\000a\000s\000e\000\040\000C\000l\000a\000s\000s}{section.1.7}% 36
\BOOKMARK [1][-]{section.1.8}{\376\377\000S\000e\000t\000u\000p\000\040\000f\000o\000r\000\040\000D\000e\000v\000e\000l\000o\000p\000m\000e\000n\000t\000,\000\040\000T\000e\000s\000t\000i\000n\000g\000,\000\040\000D\000o\000c\000u\000m\000e\000n\000t\000i\000n\000g}{chapter.1}% 37
\BOOKMARK [2][-]{subsection.1.8.1}{\376\377\000P\000r\000e\000r\000e\000q\000u\000i\000s\000i\000t\000e\000s}{section.1.8}% 38
\BOOKMARK [2][-]{subsection.1.8.2}{\376\377\000S\000e\000t\000t\000i\000n\000g\000\040\000u\000p\000\040\000t\000h\000e\000\040\000E\000n\000v\000i\000r\000o\000n\000m\000e\000n\000t}{section.1.8}% 39
\BOOKMARK [2][-]{subsection.1.8.3}{\376\377\000A\000c\000t\000i\000v\000a\000t\000e\000\040\000t\000h\000e\000\040\000V\000i\000r\000t\000u\000a\000l\000\040\000E\000n\000v\000i\000r\000o\000n\000m\000e\000n\000t}{section.1.8}% 40
\BOOKMARK [2][-]{subsection.1.8.4}{\376\377\000C\000r\000e\000a\000t\000i\000n\000g\000\040\000Y\000o\000u\000r\000\040\000O\000w\000n\000\040\000C\000o\000m\000p\000o\000n\000e\000n\000t\000s}{section.1.8}% 41
\BOOKMARK [2][-]{subsection.1.8.5}{\376\377\000R\000u\000n\000n\000i\000n\000g\000\040\000T\000e\000s\000t\000s}{section.1.8}% 42
\BOOKMARK [2][-]{subsection.1.8.6}{\376\377\000G\000e\000n\000e\000r\000a\000t\000e\000\040\000D\000o\000c\000u\000m\000e\000n\000t\000a\000t\000i\000o\000n}{section.1.8}% 43
\BOOKMARK [1][-]{section.1.9}{\376\377\000A\000r\000c\000h\000i\000t\000e\000c\000t\000u\000r\000e\000\040\000O\000v\000e\000r\000v\000i\000e\000w}{chapter.1}% 44
\BOOKMARK [2][-]{subsection.1.9.1}{\376\377\000T\000y\000p\000i\000c\000a\000l\000\040\000D\000a\000t\000a\000\040\000F\000l\000o\000w\000\040\000o\000f\000\040\000a\000\040\000S\000p\000o\000o\000q\000\040\000D\000a\000t\000a\000\040\000P\000i\000p\000e\000l\000i\000n\000e}{section.1.9}% 45
\BOOKMARK [2][-]{subsection.1.9.2}{\376\377\000S\000i\000m\000p\000l\000i\000f\000i\000e\000d\000\040\000C\000l\000a\000s\000s\000\040\000D\000i\000a\000g\000r\000a\000m}{section.1.9}% 46
\BOOKMARK [0][-]{chapter.2}{\376\377\000I\000n\000d\000i\000c\000e\000s\000\040\000a\000n\000d\000\040\000t\000a\000b\000l\000e\000s}{}% 47
\BOOKMARK [0][-]{chapter*.109}{\376\377\000P\000y\000t\000h\000o\000n\000\040\000M\000o\000d\000u\000l\000e\000\040\000I\000n\000d\000e\000x}{}% 48
\BOOKMARK [0][-]{chapter*.111}{\376\377\000I\000n\000d\000e\000x}{}% 49
